# JRE version: OpenJDK Runtime Environment (8.0_152-b01) (build 1.8.0_152-release-1024-b01)
# Java VM: OpenJDK 64-Bit Server VM (25.152-b01 mixed mode linux-amd64 compressed oops)
Heap:
 PSYoungGen      total 331776K, used 14293K [0x00000000e0000000, 0x00000000f5800000, 0x0000000100000000)
  eden space 312832K, 0% used [0x00000000e0000000,0x00000000e0000000,0x00000000f3180000)
  from space 18944K, 75% used [0x00000000f3300000,0x00000000f40f56a0,0x00000000f4580000)
  to   space 11264K, 0% used [0x00000000f4d00000,0x00000000f4d00000,0x00000000f5800000)
 ParOldGen       total 80384K, used 37141K [0x00000000a0000000, 0x00000000a4e80000, 0x00000000e0000000)
  object space 80384K, 46% used [0x00000000a0000000,0x00000000a2445770,0x00000000a4e80000)
 Metaspace       used 67439K, capacity 69760K, committed 69976K, reserved 1110016K
  class space    used 8795K, capacity 9305K, committed 9344K, reserved 1048576K
GC Heap History (10 events):
Event: 11.550 GC heap after
Heap after GC invocations=15 (full 2):
 PSYoungGen      total 187392K, used 10043K [0x00000000e0000000, 0x00000000f0a00000, 0x0000000100000000)
  eden space 169472K, 0% used [0x00000000e0000000,0x00000000e0000000,0x00000000ea580000)
  from space 17920K, 56% used [0x00000000ea580000,0x00000000eaf4ed68,0x00000000eb700000)
  to   space 17920K, 0% used [0x00000000ef880000,0x00000000ef880000,0x00000000f0a00000)
 ParOldGen       total 47104K, used 35553K [0x00000000a0000000, 0x00000000a2e00000, 0x00000000e0000000)
  object space 47104K, 75% used [0x00000000a0000000,0x00000000a22b8770,0x00000000a2e00000)
 Metaspace       used 54522K, capacity 56202K, committed 56536K, reserved 1097728K
  class space    used 7452K, capacity 7850K, committed 7936K, reserved 1048576K
}
Event: 11.580 GC heap before
{Heap before GC invocations=16 (full 2):
 PSYoungGen      total 187392K, used 178989K [0x00000000e0000000, 0x00000000f0a00000, 0x0000000100000000)
  eden space 169472K, 99% used [0x00000000e0000000,0x00000000ea4fc840,0x00000000ea580000)
  from space 17920K, 56% used [0x00000000ea580000,0x00000000eaf4ed68,0x00000000eb700000)
  to   space 17920K, 0% used [0x00000000ef880000,0x00000000ef880000,0x00000000f0a00000)
 ParOldGen       total 47104K, used 35553K [0x00000000a0000000, 0x00000000a2e00000, 0x00000000e0000000)
  object space 47104K, 75% used [0x00000000a0000000,0x00000000a22b8770,0x00000000a2e00000)
 Metaspace       used 54530K, capacity 56202K, committed 56536K, reserved 1097728K
  class space    used 7452K, capacity 7850K, committed 7936K, reserved 1048576K
Event: 11.588 GC heap after
Heap after GC invocations=16 (full 2):
 PSYoungGen      total 253952K, used 96K [0x00000000e0000000, 0x00000000f1500000, 0x0000000100000000)
  eden space 236032K, 0% used [0x00000000e0000000,0x00000000e0000000,0x00000000ee680000)
  from space 17920K, 0% used [0x00000000ef880000,0x00000000ef898000,0x00000000f0a00000)
  to   space 18432K, 0% used [0x00000000ee680000,0x00000000ee680000,0x00000000ef880000)
 ParOldGen       total 47104K, used 40046K [0x00000000a0000000, 0x00000000a2e00000, 0x00000000e0000000)
  object space 47104K, 85% used [0x00000000a0000000,0x00000000a271ba98,0x00000000a2e00000)
 Metaspace       used 54530K, capacity 56202K, committed 56536K, reserved 1097728K
  class space    used 7452K, capacity 7850K, committed 7936K, reserved 1048576K
}
Event: 11.588 GC heap before
{Heap before GC invocations=17 (full 3):
 PSYoungGen      total 253952K, used 96K [0x00000000e0000000, 0x00000000f1500000, 0x0000000100000000)
  eden space 236032K, 0% used [0x00000000e0000000,0x00000000e0000000,0x00000000ee680000)
  from space 17920K, 0% used [0x00000000ef880000,0x00000000ef898000,0x00000000f0a00000)
  to   space 18432K, 0% used [0x00000000ee680000,0x00000000ee680000,0x00000000ef880000)
 ParOldGen       total 47104K, used 40046K [0x00000000a0000000, 0x00000000a2e00000, 0x00000000e0000000)
  object space 47104K, 85% used [0x00000000a0000000,0x00000000a271ba98,0x00000000a2e00000)
 Metaspace       used 54530K, capacity 56202K, committed 56536K, reserved 1097728K
  class space    used 7452K, capacity 7850K, committed 7936K, reserved 1048576K
Event: 12.158 GC heap after
Heap after GC invocations=17 (full 3):
 PSYoungGen      total 253952K, used 0K [0x00000000e0000000, 0x00000000f1500000, 0x0000000100000000)
  eden space 236032K, 0% used [0x00000000e0000000,0x00000000e0000000,0x00000000ee680000)
  from space 17920K, 0% used [0x00000000ef880000,0x00000000ef880000,0x00000000f0a00000)
  to   space 18432K, 0% used [0x00000000ee680000,0x00000000ee680000,0x00000000ef880000)
 ParOldGen       total 80384K, used 35212K [0x00000000a0000000, 0x00000000a4e80000, 0x00000000e0000000)
  object space 80384K, 43% used [0x00000000a0000000,0x00000000a2263340,0x00000000a4e80000)
 Metaspace       used 54530K, capacity 56202K, committed 56536K, reserved 1097728K
  class space    used 7452K, capacity 7850K, committed 7936K, reserved 1048576K
}
Event: 12.303 GC heap before
{Heap before GC invocations=18 (full 3):
 PSYoungGen      total 253952K, used 236032K [0x00000000e0000000, 0x00000000f1500000, 0x0000000100000000)
  eden space 236032K, 100% used [0x00000000e0000000,0x00000000ee680000,0x00000000ee680000)
  from space 17920K, 0% used [0x00000000ef880000,0x00000000ef880000,0x00000000f0a00000)
  to   space 18432K, 0% used [0x00000000ee680000,0x00000000ee680000,0x00000000ef880000)
 ParOldGen       total 80384K, used 35212K [0x00000000a0000000, 0x00000000a4e80000, 0x00000000e0000000)
  object space 80384K, 43% used [0x00000000a0000000,0x00000000a2263340,0x00000000a4e80000)
 Metaspace       used 54584K, capacity 56216K, committed 56536K, reserved 1097728K
  class space    used 7462K, capacity 7853K, committed 7936K, reserved 1048576K
Event: 12.308 GC heap after
Heap after GC invocations=18 (full 3):
 PSYoungGen      total 254464K, used 235K [0x00000000e0000000, 0x00000000f5f00000, 0x0000000100000000)
  eden space 236032K, 0% used [0x00000000e0000000,0x00000000e0000000,0x00000000ee680000)
  from space 18432K, 1% used [0x00000000ee680000,0x00000000ee6bad00,0x00000000ef880000)
  to   space 18432K, 0% used [0x00000000f4d00000,0x00000000f4d00000,0x00000000f5f00000)
 ParOldGen       total 80384K, used 35212K [0x00000000a0000000, 0x00000000a4e80000, 0x00000000e0000000)
  object space 80384K, 43% used [0x00000000a0000000,0x00000000a2263340,0x00000000a4e80000)
 Metaspace       used 54584K, capacity 56216K, committed 56536K, reserved 1097728K
  class space    used 7462K, capacity 7853K, committed 7936K, reserved 1048576K
}
Event: 138.541 GC heap before
{Heap before GC invocations=19 (full 3):
 PSYoungGen      total 254464K, used 236228K [0x00000000e0000000, 0x00000000f5f00000, 0x0000000100000000)
  eden space 236032K, 99% used [0x00000000e0000000,0x00000000ee676380,0x00000000ee680000)
  from space 18432K, 1% used [0x00000000ee680000,0x00000000ee6bad00,0x00000000ef880000)
  to   space 18432K, 0% used [0x00000000f4d00000,0x00000000f4d00000,0x00000000f5f00000)
 ParOldGen       total 80384K, used 35212K [0x00000000a0000000, 0x00000000a4e80000, 0x00000000e0000000)
  object space 80384K, 43% used [0x00000000a0000000,0x00000000a2263340,0x00000000a4e80000)
 Metaspace       used 60999K, capacity 63046K, committed 63320K, reserved 1103872K
  class space    used 8055K, capacity 8492K, committed 8576K, reserved 1048576K
Event: 138.557 GC heap after
Heap after GC invocations=19 (full 3):
 PSYoungGen      total 324096K, used 10788K [0x00000000e0000000, 0x00000000f5800000, 0x0000000100000000)
  eden space 312832K, 0% used [0x00000000e0000000,0x00000000e0000000,0x00000000f3180000)
  from space 11264K, 95% used [0x00000000f4d00000,0x00000000f5789210,0x00000000f5800000)
  to   space 18944K, 0% used [0x00000000f3300000,0x00000000f3300000,0x00000000f4580000)
 ParOldGen       total 80384K, used 35260K [0x00000000a0000000, 0x00000000a4e80000, 0x00000000e0000000)
  object space 80384K, 43% used [0x00000000a0000000,0x00000000a226f340,0x00000000a4e80000)
 Metaspace       used 60999K, capacity 63046K, committed 63320K, reserved 1103872K
  class space    used 8055K, capacity 8492K, committed 8576K, reserved 1048576K
}
Event: 152.339 GC heap before
{Heap before GC invocations=20 (full 3):
 PSYoungGen      total 324096K, used 323182K [0x00000000e0000000, 0x00000000f5800000, 0x0000000100000000)
  eden space 312832K, 99% used [0x00000000e0000000,0x00000000f31126a8,0x00000000f3180000)
  from space 11264K, 95% used [0x00000000f4d00000,0x00000000f5789210,0x00000000f5800000)
  to   space 18944K, 0% used [0x00000000f3300000,0x00000000f3300000,0x00000000f4580000)
 ParOldGen       total 80384K, used 35260K [0x00000000a0000000, 0x00000000a4e80000, 0x00000000e0000000)
  object space 80384K, 43% used [0x00000000a0000000,0x00000000a226f340,0x00000000a4e80000)
 Metaspace       used 67439K, capacity 69760K, committed 69976K, reserved 1110016K
  class space    used 8795K, capacity 9305K, committed 9344K, reserved 1048576K

