# JRE version: OpenJDK Runtime Environment (8.0_152-b01) (build 1.8.0_152-release-1024-b01)
# Java VM: OpenJDK 64-Bit Server VM (25.152-b01 mixed mode linux-amd64 compressed oops)
Heap:
 PSYoungGen      total 307712K, used 11835K [0x00000000e0000000, 0x00000000f4d80000, 0x0000000100000000)
  eden space 275968K, 0% used [0x00000000e0000000,0x00000000e0000000,0x00000000f0d80000)
  from space 31744K, 37% used [0x00000000f0d80000,0x00000000f190edc0,0x00000000f2c80000)
  to   space 29184K, 0% used [0x00000000f2c80000,0x00000000f2c80000,0x00000000f4900000)
 ParOldGen       total 100352K, used 60982K [0x00000000a0000000, 0x00000000a6200000, 0x00000000e0000000)
  object space 100352K, 60% used [0x00000000a0000000,0x00000000a3b8dac0,0x00000000a6200000)
 Metaspace       used 70183K, capacity 73058K, committed 73176K, reserved 1112064K
  class space    used 9342K, capacity 9938K, committed 9984K, reserved 1048576K
GC Heap History (10 events):
Event: 17.831 GC heap after
Heap after GC invocations=19 (full 3):
 PSYoungGen      total 230400K, used 8586K [0x00000000e0000000, 0x00000000ef280000, 0x0000000100000000)
  eden space 211968K, 0% used [0x00000000e0000000,0x00000000e0000000,0x00000000ecf00000)
  from space 18432K, 46% used [0x00000000ee080000,0x00000000ee8e2868,0x00000000ef280000)
  to   space 17920K, 0% used [0x00000000ecf00000,0x00000000ecf00000,0x00000000ee080000)
 ParOldGen       total 100352K, used 41930K [0x00000000a0000000, 0x00000000a6200000, 0x00000000e0000000)
  object space 100352K, 41% used [0x00000000a0000000,0x00000000a28f2888,0x00000000a6200000)
 Metaspace       used 67084K, capacity 69468K, committed 69720K, reserved 1110016K
  class space    used 9021K, capacity 9541K, committed 9600K, reserved 1048576K
}
Event: 19.278 GC heap before
{Heap before GC invocations=20 (full 3):
 PSYoungGen      total 230400K, used 220554K [0x00000000e0000000, 0x00000000ef280000, 0x0000000100000000)
  eden space 211968K, 100% used [0x00000000e0000000,0x00000000ecf00000,0x00000000ecf00000)
  from space 18432K, 46% used [0x00000000ee080000,0x00000000ee8e2868,0x00000000ef280000)
  to   space 17920K, 0% used [0x00000000ecf00000,0x00000000ecf00000,0x00000000ee080000)
 ParOldGen       total 100352K, used 41930K [0x00000000a0000000, 0x00000000a6200000, 0x00000000e0000000)
  object space 100352K, 41% used [0x00000000a0000000,0x00000000a28f2888,0x00000000a6200000)
 Metaspace       used 67256K, capacity 69612K, committed 69720K, reserved 1110016K
  class space    used 9021K, capacity 9541K, committed 9600K, reserved 1048576K
Event: 19.317 GC heap after
Heap after GC invocations=20 (full 3):
 PSYoungGen      total 229888K, used 8623K [0x00000000e0000000, 0x00000000f1180000, 0x0000000100000000)
  eden space 211968K, 0% used [0x00000000e0000000,0x00000000e0000000,0x00000000ecf00000)
  from space 17920K, 48% used [0x00000000ecf00000,0x00000000ed76be80,0x00000000ee080000)
  to   space 17408K, 0% used [0x00000000f0080000,0x00000000f0080000,0x00000000f1180000)
 ParOldGen       total 100352K, used 41938K [0x00000000a0000000, 0x00000000a6200000, 0x00000000e0000000)
  object space 100352K, 41% used [0x00000000a0000000,0x00000000a28f4888,0x00000000a6200000)
 Metaspace       used 67256K, capacity 69612K, committed 69720K, reserved 1110016K
  class space    used 9021K, capacity 9541K, committed 9600K, reserved 1048576K
}
Event: 20.786 GC heap before
{Heap before GC invocations=21 (full 3):
 PSYoungGen      total 229888K, used 220591K [0x00000000e0000000, 0x00000000f1180000, 0x0000000100000000)
  eden space 211968K, 100% used [0x00000000e0000000,0x00000000ecf00000,0x00000000ecf00000)
  from space 17920K, 48% used [0x00000000ecf00000,0x00000000ed76be80,0x00000000ee080000)
  to   space 17408K, 0% used [0x00000000f0080000,0x00000000f0080000,0x00000000f1180000)
 ParOldGen       total 100352K, used 41938K [0x00000000a0000000, 0x00000000a6200000, 0x00000000e0000000)
  object space 100352K, 41% used [0x00000000a0000000,0x00000000a28f4888,0x00000000a6200000)
 Metaspace       used 67792K, capacity 70198K, committed 70232K, reserved 1110016K
  class space    used 9067K, capacity 9590K, committed 9600K, reserved 1048576K
Event: 20.804 GC heap after
Heap after GC invocations=21 (full 3):
 PSYoungGen      total 259584K, used 17394K [0x00000000e0000000, 0x00000000f1380000, 0x0000000100000000)
  eden space 242176K, 0% used [0x00000000e0000000,0x00000000e0000000,0x00000000eec80000)
  from space 17408K, 99% used [0x00000000f0080000,0x00000000f117cbb8,0x00000000f1180000)
  to   space 19968K, 0% used [0x00000000eec80000,0x00000000eec80000,0x00000000f0000000)
 ParOldGen       total 100352K, used 42927K [0x00000000a0000000, 0x00000000a6200000, 0x00000000e0000000)
  object space 100352K, 42% used [0x00000000a0000000,0x00000000a29ebc48,0x00000000a6200000)
 Metaspace       used 67792K, capacity 70198K, committed 70232K, reserved 1110016K
  class space    used 9067K, capacity 9590K, committed 9600K, reserved 1048576K
}
Event: 24.141 GC heap before
{Heap before GC invocations=22 (full 3):
 PSYoungGen      total 259584K, used 259254K [0x00000000e0000000, 0x00000000f1380000, 0x0000000100000000)
  eden space 242176K, 99% used [0x00000000e0000000,0x00000000eec30d98,0x00000000eec80000)
  from space 17408K, 99% used [0x00000000f0080000,0x00000000f117cbb8,0x00000000f1180000)
  to   space 19968K, 0% used [0x00000000eec80000,0x00000000eec80000,0x00000000f0000000)
 ParOldGen       total 100352K, used 42927K [0x00000000a0000000, 0x00000000a6200000, 0x00000000e0000000)
  object space 100352K, 42% used [0x00000000a0000000,0x00000000a29ebc48,0x00000000a6200000)
 Metaspace       used 68399K, capacity 70856K, committed 71128K, reserved 1110016K
  class space    used 9106K, capacity 9615K, committed 9728K, reserved 1048576K
Event: 24.238 GC heap after
Heap after GC invocations=22 (full 3):
 PSYoungGen      total 262144K, used 19941K [0x00000000e0000000, 0x00000000f4900000, 0x0000000100000000)
  eden space 242176K, 0% used [0x00000000e0000000,0x00000000e0000000,0x00000000eec80000)
  from space 19968K, 99% used [0x00000000eec80000,0x00000000efff94a0,0x00000000f0000000)
  to   space 29184K, 0% used [0x00000000f2c80000,0x00000000f2c80000,0x00000000f4900000)
 ParOldGen       total 100352K, used 60942K [0x00000000a0000000, 0x00000000a6200000, 0x00000000e0000000)
  object space 100352K, 60% used [0x00000000a0000000,0x00000000a3b83ac0,0x00000000a6200000)
 Metaspace       used 68399K, capacity 70856K, committed 71128K, reserved 1110016K
  class space    used 9106K, capacity 9615K, committed 9728K, reserved 1048576K
}
Event: 28.710 GC heap before
{Heap before GC invocations=23 (full 3):
 PSYoungGen      total 262144K, used 261416K [0x00000000e0000000, 0x00000000f4900000, 0x0000000100000000)
  eden space 242176K, 99% used [0x00000000e0000000,0x00000000eebd0c80,0x00000000eec80000)
  from space 19968K, 99% used [0x00000000eec80000,0x00000000efff94a0,0x00000000f0000000)
  to   space 29184K, 0% used [0x00000000f2c80000,0x00000000f2c80000,0x00000000f4900000)
 ParOldGen       total 100352K, used 60942K [0x00000000a0000000, 0x00000000a6200000, 0x00000000e0000000)
  object space 100352K, 60% used [0x00000000a0000000,0x00000000a3b83ac0,0x00000000a6200000)
 Metaspace       used 70170K, capacity 73058K, committed 73176K, reserved 1112064K
  class space    used 9342K, capacity 9938K, committed 9984K, reserved 1048576K
Event: 28.805 GC heap after
Heap after GC invocations=23 (full 3):
 PSYoungGen      total 305152K, used 23112K [0x00000000e0000000, 0x00000000f4d80000, 0x0000000100000000)
  eden space 275968K, 0% used [0x00000000e0000000,0x00000000e0000000,0x00000000f0d80000)
  from space 29184K, 79% used [0x00000000f2c80000,0x00000000f4312040,0x00000000f4900000)
  to   space 31744K, 0% used [0x00000000f0d80000,0x00000000f0d80000,0x00000000f2c80000)
 ParOldGen       total 100352K, used 60974K [0x00000000a0000000, 0x00000000a6200000, 0x00000000e0000000)
  object space 100352K, 60% used [0x00000000a0000000,0x00000000a3b8bac0,0x00000000a6200000)
 Metaspace       used 70170K, capacity 73058K, committed 73176K, reserved 1112064K
  class space    used 9342K, capacity 9938K, committed 9984K, reserved 1048576K
}
Event: 28.908 GC heap before
{Heap before GC invocations=24 (full 3):
 PSYoungGen      total 305152K, used 298211K [0x00000000e0000000, 0x00000000f4d80000, 0x0000000100000000)
  eden space 275968K, 99% used [0x00000000e0000000,0x00000000f0ca6e10,0x00000000f0d80000)
  from space 29184K, 79% used [0x00000000f2c80000,0x00000000f4312040,0x00000000f4900000)
  to   space 31744K, 0% used [0x00000000f0d80000,0x00000000f0d80000,0x00000000f2c80000)
 ParOldGen       total 100352K, used 60974K [0x00000000a0000000, 0x00000000a6200000, 0x00000000e0000000)
  object space 100352K, 60% used [0x00000000a0000000,0x00000000a3b8bac0,0x00000000a6200000)
 Metaspace       used 70183K, capacity 73058K, committed 73176K, reserved 1112064K
  class space    used 9342K, capacity 9938K, committed 9984K, reserved 1048576K

