# JRE version: OpenJDK Runtime Environment (8.0_152-b01) (build 1.8.0_152-release-1024-b01)
# Java VM: OpenJDK 64-Bit Server VM (25.152-b01 mixed mode linux-amd64 compressed oops)
Heap:
 PSYoungGen      total 232960K, used 9904K [0x00000000e0000000, 0x00000000ef900000, 0x0000000100000000)
  eden space 210944K, 0% used [0x00000000e0000000,0x00000000e0000000,0x00000000ece00000)
  from space 22016K, 44% used [0x00000000ece00000,0x00000000ed7ac208,0x00000000ee380000)
  to   space 9728K, 0% used [0x00000000eef80000,0x00000000eef80000,0x00000000ef900000)
 ParOldGen       total 86528K, used 35805K [0x00000000a0000000, 0x00000000a5480000, 0x00000000e0000000)
  object space 86528K, 41% used [0x00000000a0000000,0x00000000a22f7570,0x00000000a5480000)
 Metaspace       used 64019K, capacity 66412K, committed 66520K, reserved 1105920K
  class space    used 8637K, capacity 9137K, committed 9216K, reserved 1048576K
GC Heap History (10 events):
Event: 9.594 GC heap after
Heap after GC invocations=11 (full 2):
 PSYoungGen      total 134144K, used 12794K [0x00000000e0000000, 0x00000000ec280000, 0x0000000100000000)
  eden space 121344K, 0% used [0x00000000e0000000,0x00000000e0000000,0x00000000e7680000)
  from space 12800K, 99% used [0x00000000e7680000,0x00000000e82fe8b8,0x00000000e8300000)
  to   space 14848K, 0% used [0x00000000eb400000,0x00000000eb400000,0x00000000ec280000)
 ParOldGen       total 53760K, used 14121K [0x00000000a0000000, 0x00000000a3480000, 0x00000000e0000000)
  object space 53760K, 26% used [0x00000000a0000000,0x00000000a0dca598,0x00000000a3480000)
 Metaspace       used 42175K, capacity 42924K, committed 43224K, reserved 1087488K
  class space    used 5828K, capacity 6057K, committed 6144K, reserved 1048576K
}
Event: 12.791 GC heap before
{Heap before GC invocations=12 (full 2):
 PSYoungGen      total 134144K, used 134138K [0x00000000e0000000, 0x00000000ec280000, 0x0000000100000000)
  eden space 121344K, 100% used [0x00000000e0000000,0x00000000e7680000,0x00000000e7680000)
  from space 12800K, 99% used [0x00000000e7680000,0x00000000e82fe8b8,0x00000000e8300000)
  to   space 14848K, 0% used [0x00000000eb400000,0x00000000eb400000,0x00000000ec280000)
 ParOldGen       total 53760K, used 14121K [0x00000000a0000000, 0x00000000a3480000, 0x00000000e0000000)
  object space 53760K, 26% used [0x00000000a0000000,0x00000000a0dca598,0x00000000a3480000)
 Metaspace       used 52222K, capacity 53682K, committed 53848K, reserved 1095680K
  class space    used 7185K, capacity 7536K, committed 7552K, reserved 1048576K
Event: 12.833 GC heap after
Heap after GC invocations=12 (full 2):
 PSYoungGen      total 180224K, used 14829K [0x00000000e0000000, 0x00000000ec700000, 0x0000000100000000)
  eden space 165376K, 0% used [0x00000000e0000000,0x00000000e0000000,0x00000000ea180000)
  from space 14848K, 99% used [0x00000000eb400000,0x00000000ec27b510,0x00000000ec280000)
  to   space 18944K, 0% used [0x00000000ea180000,0x00000000ea180000,0x00000000eb400000)
 ParOldGen       total 53760K, used 19569K [0x00000000a0000000, 0x00000000a3480000, 0x00000000e0000000)
  object space 53760K, 36% used [0x00000000a0000000,0x00000000a131c5c0,0x00000000a3480000)
 Metaspace       used 52222K, capacity 53682K, committed 53848K, reserved 1095680K
  class space    used 7185K, capacity 7536K, committed 7552K, reserved 1048576K
}
Event: 16.206 GC heap before
{Heap before GC invocations=13 (full 2):
 PSYoungGen      total 180224K, used 115454K [0x00000000e0000000, 0x00000000ec700000, 0x0000000100000000)
  eden space 165376K, 60% used [0x00000000e0000000,0x00000000e6244458,0x00000000ea180000)
  from space 14848K, 99% used [0x00000000eb400000,0x00000000ec27b510,0x00000000ec280000)
  to   space 18944K, 0% used [0x00000000ea180000,0x00000000ea180000,0x00000000eb400000)
 ParOldGen       total 53760K, used 19569K [0x00000000a0000000, 0x00000000a3480000, 0x00000000e0000000)
  object space 53760K, 36% used [0x00000000a0000000,0x00000000a131c5c0,0x00000000a3480000)
 Metaspace       used 57352K, capacity 58972K, committed 59028K, reserved 1099776K
  class space    used 7773K, capacity 8159K, committed 8192K, reserved 1048576K
Event: 16.271 GC heap after
Heap after GC invocations=13 (full 2):
 PSYoungGen      total 184320K, used 18932K [0x00000000e0000000, 0x00000000f0600000, 0x0000000100000000)
  eden space 165376K, 0% used [0x00000000e0000000,0x00000000e0000000,0x00000000ea180000)
  from space 18944K, 99% used [0x00000000ea180000,0x00000000eb3fd0f0,0x00000000eb400000)
  to   space 23040K, 0% used [0x00000000eef80000,0x00000000eef80000,0x00000000f0600000)
 ParOldGen       total 53760K, used 23717K [0x00000000a0000000, 0x00000000a3480000, 0x00000000e0000000)
  object space 53760K, 44% used [0x00000000a0000000,0x00000000a17295c8,0x00000000a3480000)
 Metaspace       used 57352K, capacity 58972K, committed 59028K, reserved 1099776K
  class space    used 7773K, capacity 8159K, committed 8192K, reserved 1048576K
}
Event: 16.271 GC heap before
{Heap before GC invocations=14 (full 3):
 PSYoungGen      total 184320K, used 18932K [0x00000000e0000000, 0x00000000f0600000, 0x0000000100000000)
  eden space 165376K, 0% used [0x00000000e0000000,0x00000000e0000000,0x00000000ea180000)
  from space 18944K, 99% used [0x00000000ea180000,0x00000000eb3fd0f0,0x00000000eb400000)
  to   space 23040K, 0% used [0x00000000eef80000,0x00000000eef80000,0x00000000f0600000)
 ParOldGen       total 53760K, used 23717K [0x00000000a0000000, 0x00000000a3480000, 0x00000000e0000000)
  object space 53760K, 44% used [0x00000000a0000000,0x00000000a17295c8,0x00000000a3480000)
 Metaspace       used 57352K, capacity 58972K, committed 59028K, reserved 1099776K
  class space    used 7773K, capacity 8159K, committed 8192K, reserved 1048576K
Event: 16.746 GC heap after
Heap after GC invocations=14 (full 3):
 PSYoungGen      total 184320K, used 0K [0x00000000e0000000, 0x00000000f0600000, 0x0000000100000000)
  eden space 165376K, 0% used [0x00000000e0000000,0x00000000e0000000,0x00000000ea180000)
  from space 18944K, 0% used [0x00000000ea180000,0x00000000ea180000,0x00000000eb400000)
  to   space 23040K, 0% used [0x00000000eef80000,0x00000000eef80000,0x00000000f0600000)
 ParOldGen       total 86528K, used 35789K [0x00000000a0000000, 0x00000000a5480000, 0x00000000e0000000)
  object space 86528K, 41% used [0x00000000a0000000,0x00000000a22f3570,0x00000000a5480000)
 Metaspace       used 57340K, capacity 58940K, committed 59028K, reserved 1099776K
  class space    used 7768K, capacity 8151K, committed 8192K, reserved 1048576K
}
Event: 18.794 GC heap before
{Heap before GC invocations=15 (full 3):
 PSYoungGen      total 184320K, used 165376K [0x00000000e0000000, 0x00000000f0600000, 0x0000000100000000)
  eden space 165376K, 100% used [0x00000000e0000000,0x00000000ea180000,0x00000000ea180000)
  from space 18944K, 0% used [0x00000000ea180000,0x00000000ea180000,0x00000000eb400000)
  to   space 23040K, 0% used [0x00000000eef80000,0x00000000eef80000,0x00000000f0600000)
 ParOldGen       total 86528K, used 35789K [0x00000000a0000000, 0x00000000a5480000, 0x00000000e0000000)
  object space 86528K, 41% used [0x00000000a0000000,0x00000000a22f3570,0x00000000a5480000)
 Metaspace       used 62725K, capacity 64692K, committed 64728K, reserved 1105920K
  class space    used 8486K, capacity 8933K, committed 8960K, reserved 1048576K
Event: 18.813 GC heap after
Heap after GC invocations=15 (full 3):
 PSYoungGen      total 220672K, used 7744K [0x00000000e0000000, 0x00000000ef900000, 0x0000000100000000)
  eden space 210944K, 0% used [0x00000000e0000000,0x00000000e0000000,0x00000000ece00000)
  from space 9728K, 79% used [0x00000000eef80000,0x00000000ef710018,0x00000000ef900000)
  to   space 22016K, 0% used [0x00000000ece00000,0x00000000ece00000,0x00000000ee380000)
 ParOldGen       total 86528K, used 35797K [0x00000000a0000000, 0x00000000a5480000, 0x00000000e0000000)
  object space 86528K, 41% used [0x00000000a0000000,0x00000000a22f5570,0x00000000a5480000)
 Metaspace       used 62725K, capacity 64692K, committed 64728K, reserved 1105920K
  class space    used 8486K, capacity 8933K, committed 8960K, reserved 1048576K
}
Event: 21.121 GC heap before
{Heap before GC invocations=16 (full 3):
 PSYoungGen      total 220672K, used 218688K [0x00000000e0000000, 0x00000000ef900000, 0x0000000100000000)
  eden space 210944K, 100% used [0x00000000e0000000,0x00000000ece00000,0x00000000ece00000)
  from space 9728K, 79% used [0x00000000eef80000,0x00000000ef710018,0x00000000ef900000)
  to   space 22016K, 0% used [0x00000000ece00000,0x00000000ece00000,0x00000000ee380000)
 ParOldGen       total 86528K, used 35797K [0x00000000a0000000, 0x00000000a5480000, 0x00000000e0000000)
  object space 86528K, 41% used [0x00000000a0000000,0x00000000a22f5570,0x00000000a5480000)
 Metaspace       used 64019K, capacity 66412K, committed 66520K, reserved 1105920K
  class space    used 8637K, capacity 9137K, committed 9216K, reserved 1048576K

