# JRE version: OpenJDK Runtime Environment (8.0_152-b01) (build 1.8.0_152-release-1024-b01)
# Java VM: OpenJDK 64-Bit Server VM (25.152-b01 mixed mode linux-amd64 compressed oops)
Heap:
 PSYoungGen      total 223744K, used 11298K [0x00000000e0000000, 0x00000000efb80000, 0x0000000100000000)
  eden space 205312K, 0% used [0x00000000e0000000,0x00000000e0000000,0x00000000ec880000)
  from space 18432K, 61% used [0x00000000ec880000,0x00000000ed3888c0,0x00000000eda80000)
  to   space 17920K, 0% used [0x00000000eda80000,0x00000000eda80000,0x00000000eec00000)
 ParOldGen       total 87040K, used 34419K [0x00000000a0000000, 0x00000000a5500000, 0x00000000e0000000)
  object space 87040K, 39% used [0x00000000a0000000,0x00000000a219cd18,0x00000000a5500000)
 Metaspace       used 61495K, capacity 63616K, committed 63832K, reserved 1103872K
  class space    used 8333K, capacity 8777K, committed 8832K, reserved 1048576K
GC Heap History (10 events):
Event: 8.331 GC heap after
Heap after GC invocations=13 (full 2):
 PSYoungGen      total 131072K, used 11252K [0x00000000e0000000, 0x00000000eb880000, 0x0000000100000000)
  eden space 119808K, 0% used [0x00000000e0000000,0x00000000e0000000,0x00000000e7500000)
  from space 11264K, 99% used [0x00000000e7500000,0x00000000e7ffd110,0x00000000e8000000)
  to   space 13312K, 0% used [0x00000000eab80000,0x00000000eab80000,0x00000000eb880000)
 ParOldGen       total 53248K, used 15505K [0x00000000a0000000, 0x00000000a3400000, 0x00000000e0000000)
  object space 53248K, 29% used [0x00000000a0000000,0x00000000a0f24680,0x00000000a3400000)
 Metaspace       used 42050K, capacity 42820K, committed 43224K, reserved 1087488K
  class space    used 5807K, capacity 6025K, committed 6144K, reserved 1048576K
}
Event: 11.148 GC heap before
{Heap before GC invocations=14 (full 2):
 PSYoungGen      total 131072K, used 131060K [0x00000000e0000000, 0x00000000eb880000, 0x0000000100000000)
  eden space 119808K, 100% used [0x00000000e0000000,0x00000000e7500000,0x00000000e7500000)
  from space 11264K, 99% used [0x00000000e7500000,0x00000000e7ffd110,0x00000000e8000000)
  to   space 13312K, 0% used [0x00000000eab80000,0x00000000eab80000,0x00000000eb880000)
 ParOldGen       total 53248K, used 15505K [0x00000000a0000000, 0x00000000a3400000, 0x00000000e0000000)
  object space 53248K, 29% used [0x00000000a0000000,0x00000000a0f24680,0x00000000a3400000)
 Metaspace       used 51932K, capacity 53350K, committed 53592K, reserved 1095680K
  class space    used 7147K, capacity 7534K, committed 7552K, reserved 1048576K
Event: 11.200 GC heap after
Heap after GC invocations=14 (full 2):
 PSYoungGen      total 171008K, used 13285K [0x00000000e0000000, 0x00000000ebe80000, 0x0000000100000000)
  eden space 157696K, 0% used [0x00000000e0000000,0x00000000e0000000,0x00000000e9a00000)
  from space 13312K, 99% used [0x00000000eab80000,0x00000000eb8794e0,0x00000000eb880000)
  to   space 17920K, 0% used [0x00000000e9a00000,0x00000000e9a00000,0x00000000eab80000)
 ParOldGen       total 53248K, used 22416K [0x00000000a0000000, 0x00000000a3400000, 0x00000000e0000000)
  object space 53248K, 42% used [0x00000000a0000000,0x00000000a15e4388,0x00000000a3400000)
 Metaspace       used 51932K, capacity 53350K, committed 53592K, reserved 1095680K
  class space    used 7147K, capacity 7534K, committed 7552K, reserved 1048576K
}
Event: 13.678 GC heap before
{Heap before GC invocations=15 (full 2):
 PSYoungGen      total 171008K, used 96370K [0x00000000e0000000, 0x00000000ebe80000, 0x0000000100000000)
  eden space 157696K, 52% used [0x00000000e0000000,0x00000000e5123520,0x00000000e9a00000)
  from space 13312K, 99% used [0x00000000eab80000,0x00000000eb8794e0,0x00000000eb880000)
  to   space 17920K, 0% used [0x00000000e9a00000,0x00000000e9a00000,0x00000000eab80000)
 ParOldGen       total 53248K, used 22416K [0x00000000a0000000, 0x00000000a3400000, 0x00000000e0000000)
  object space 53248K, 42% used [0x00000000a0000000,0x00000000a15e4388,0x00000000a3400000)
 Metaspace       used 57141K, capacity 58888K, committed 59224K, reserved 1099776K
  class space    used 7830K, capacity 8213K, committed 8320K, reserved 1048576K
Event: 13.718 GC heap after
Heap after GC invocations=15 (full 2):
 PSYoungGen      total 175616K, used 10775K [0x00000000e0000000, 0x00000000eec00000, 0x0000000100000000)
  eden space 157696K, 0% used [0x00000000e0000000,0x00000000e0000000,0x00000000e9a00000)
  from space 17920K, 60% used [0x00000000e9a00000,0x00000000ea485e40,0x00000000eab80000)
  to   space 17920K, 0% used [0x00000000eda80000,0x00000000eda80000,0x00000000eec00000)
 ParOldGen       total 53248K, used 35408K [0x00000000a0000000, 0x00000000a3400000, 0x00000000e0000000)
  object space 53248K, 66% used [0x00000000a0000000,0x00000000a2294148,0x00000000a3400000)
 Metaspace       used 57141K, capacity 58888K, committed 59224K, reserved 1099776K
  class space    used 7830K, capacity 8213K, committed 8320K, reserved 1048576K
}
Event: 13.791 GC heap before
{Heap before GC invocations=16 (full 2):
 PSYoungGen      total 175616K, used 12676K [0x00000000e0000000, 0x00000000eec00000, 0x0000000100000000)
  eden space 157696K, 1% used [0x00000000e0000000,0x00000000e01db560,0x00000000e9a00000)
  from space 17920K, 60% used [0x00000000e9a00000,0x00000000ea485e40,0x00000000eab80000)
  to   space 17920K, 0% used [0x00000000eda80000,0x00000000eda80000,0x00000000eec00000)
 ParOldGen       total 53248K, used 35408K [0x00000000a0000000, 0x00000000a3400000, 0x00000000e0000000)
  object space 53248K, 66% used [0x00000000a0000000,0x00000000a2294148,0x00000000a3400000)
 Metaspace       used 57470K, capacity 59236K, committed 59360K, reserved 1099776K
  class space    used 7874K, capacity 8259K, committed 8320K, reserved 1048576K
Event: 13.803 GC heap after
Heap after GC invocations=16 (full 2):
 PSYoungGen      total 223232K, used 380K [0x00000000e0000000, 0x00000000efb80000, 0x0000000100000000)
  eden space 205312K, 0% used [0x00000000e0000000,0x00000000e0000000,0x00000000ec880000)
  from space 17920K, 2% used [0x00000000eda80000,0x00000000edadf188,0x00000000eec00000)
  to   space 18432K, 0% used [0x00000000ec880000,0x00000000ec880000,0x00000000eda80000)
 ParOldGen       total 53248K, used 41987K [0x00000000a0000000, 0x00000000a3400000, 0x00000000e0000000)
  object space 53248K, 78% used [0x00000000a0000000,0x00000000a2900dd0,0x00000000a3400000)
 Metaspace       used 57470K, capacity 59236K, committed 59360K, reserved 1099776K
  class space    used 7874K, capacity 8259K, committed 8320K, reserved 1048576K
}
Event: 13.803 GC heap before
{Heap before GC invocations=17 (full 3):
 PSYoungGen      total 223232K, used 380K [0x00000000e0000000, 0x00000000efb80000, 0x0000000100000000)
  eden space 205312K, 0% used [0x00000000e0000000,0x00000000e0000000,0x00000000ec880000)
  from space 17920K, 2% used [0x00000000eda80000,0x00000000edadf188,0x00000000eec00000)
  to   space 18432K, 0% used [0x00000000ec880000,0x00000000ec880000,0x00000000eda80000)
 ParOldGen       total 53248K, used 41987K [0x00000000a0000000, 0x00000000a3400000, 0x00000000e0000000)
  object space 53248K, 78% used [0x00000000a0000000,0x00000000a2900dd0,0x00000000a3400000)
 Metaspace       used 57470K, capacity 59236K, committed 59360K, reserved 1099776K
  class space    used 7874K, capacity 8259K, committed 8320K, reserved 1048576K
Event: 14.101 GC heap after
Heap after GC invocations=17 (full 3):
 PSYoungGen      total 223232K, used 0K [0x00000000e0000000, 0x00000000efb80000, 0x0000000100000000)
  eden space 205312K, 0% used [0x00000000e0000000,0x00000000e0000000,0x00000000ec880000)
  from space 17920K, 0% used [0x00000000eda80000,0x00000000eda80000,0x00000000eec00000)
  to   space 18432K, 0% used [0x00000000ec880000,0x00000000ec880000,0x00000000eda80000)
 ParOldGen       total 87040K, used 34411K [0x00000000a0000000, 0x00000000a5500000, 0x00000000e0000000)
  object space 87040K, 39% used [0x00000000a0000000,0x00000000a219ad18,0x00000000a5500000)
 Metaspace       used 57375K, capacity 58992K, committed 59360K, reserved 1099776K
  class space    used 7841K, capacity 8201K, committed 8320K, reserved 1048576K
}
Event: 16.341 GC heap before
{Heap before GC invocations=18 (full 3):
 PSYoungGen      total 223232K, used 205312K [0x00000000e0000000, 0x00000000efb80000, 0x0000000100000000)
  eden space 205312K, 100% used [0x00000000e0000000,0x00000000ec880000,0x00000000ec880000)
  from space 17920K, 0% used [0x00000000eda80000,0x00000000eda80000,0x00000000eec00000)
  to   space 18432K, 0% used [0x00000000ec880000,0x00000000ec880000,0x00000000eda80000)
 ParOldGen       total 87040K, used 34411K [0x00000000a0000000, 0x00000000a5500000, 0x00000000e0000000)
  object space 87040K, 39% used [0x00000000a0000000,0x00000000a219ad18,0x00000000a5500000)
 Metaspace       used 61495K, capacity 63616K, committed 63832K, reserved 1103872K
  class space    used 8333K, capacity 8777K, committed 8832K, reserved 1048576K

