# JRE version: OpenJDK Runtime Environment (8.0_152-b01) (build 1.8.0_152-release-1024-b01)
# Java VM: OpenJDK 64-Bit Server VM (25.152-b01 mixed mode linux-amd64 compressed oops)
Heap:
 PSYoungGen      total 189952K, used 7137K [0x00000000e0000000, 0x00000000ec880000, 0x0000000100000000)
  eden space 174592K, 0% used [0x00000000e0000000,0x00000000e0000000,0x00000000eaa80000)
  from space 15360K, 46% used [0x00000000eaa80000,0x00000000eb178788,0x00000000eb980000)
  to   space 13824K, 0% used [0x00000000ebb00000,0x00000000ebb00000,0x00000000ec880000)
 ParOldGen       total 45568K, used 29949K [0x00000000a0000000, 0x00000000a2c80000, 0x00000000e0000000)
  object space 45568K, 65% used [0x00000000a0000000,0x00000000a1d3f668,0x00000000a2c80000)
 Metaspace       used 56918K, capacity 58762K, committed 58968K, reserved 1099776K
  class space    used 7774K, capacity 8216K, committed 8320K, reserved 1048576K
GC Heap History (10 events):
Event: 7.002 GC heap after
Heap after GC invocations=10 (full 1):
 PSYoungGen      total 128512K, used 8703K [0x00000000e0000000, 0x00000000e8c00000, 0x0000000100000000)
  eden space 119808K, 0% used [0x00000000e0000000,0x00000000e0000000,0x00000000e7500000)
  from space 8704K, 99% used [0x00000000e7800000,0x00000000e807fc90,0x00000000e8080000)
  to   space 11776K, 0% used [0x00000000e8080000,0x00000000e8080000,0x00000000e8c00000)
 ParOldGen       total 35328K, used 12291K [0x00000000a0000000, 0x00000000a2280000, 0x00000000e0000000)
  object space 35328K, 34% used [0x00000000a0000000,0x00000000a0c00fe0,0x00000000a2280000)
 Metaspace       used 34657K, capacity 35260K, committed 35416K, reserved 1079296K
  class space    used 4780K, capacity 4972K, committed 4992K, reserved 1048576K
}
Event: 7.022 GC heap before
{Heap before GC invocations=11 (full 1):
 PSYoungGen      total 128512K, used 10845K [0x00000000e0000000, 0x00000000e8c00000, 0x0000000100000000)
  eden space 119808K, 1% used [0x00000000e0000000,0x00000000e0217930,0x00000000e7500000)
  from space 8704K, 99% used [0x00000000e7800000,0x00000000e807fc90,0x00000000e8080000)
  to   space 11776K, 0% used [0x00000000e8080000,0x00000000e8080000,0x00000000e8c00000)
 ParOldGen       total 35328K, used 12291K [0x00000000a0000000, 0x00000000a2280000, 0x00000000e0000000)
  object space 35328K, 34% used [0x00000000a0000000,0x00000000a0c00fe0,0x00000000a2280000)
 Metaspace       used 34725K, capacity 35278K, committed 35416K, reserved 1079296K
  class space    used 4786K, capacity 4975K, committed 4992K, reserved 1048576K
Event: 7.034 GC heap after
Heap after GC invocations=11 (full 1):
 PSYoungGen      total 132096K, used 6768K [0x00000000e0000000, 0x00000000ec580000, 0x0000000100000000)
  eden space 120320K, 0% used [0x00000000e0000000,0x00000000e0000000,0x00000000e7580000)
  from space 11776K, 57% used [0x00000000e8080000,0x00000000e871c010,0x00000000e8c00000)
  to   space 11264K, 0% used [0x00000000e7580000,0x00000000e7580000,0x00000000e8080000)
 ParOldGen       total 35328K, used 12299K [0x00000000a0000000, 0x00000000a2280000, 0x00000000e0000000)
  object space 35328K, 34% used [0x00000000a0000000,0x00000000a0c02fe0,0x00000000a2280000)
 Metaspace       used 34725K, capacity 35278K, committed 35416K, reserved 1079296K
  class space    used 4786K, capacity 4975K, committed 4992K, reserved 1048576K
}
Event: 7.034 GC heap before
{Heap before GC invocations=12 (full 2):
 PSYoungGen      total 132096K, used 6768K [0x00000000e0000000, 0x00000000ec580000, 0x0000000100000000)
  eden space 120320K, 0% used [0x00000000e0000000,0x00000000e0000000,0x00000000e7580000)
  from space 11776K, 57% used [0x00000000e8080000,0x00000000e871c010,0x00000000e8c00000)
  to   space 11264K, 0% used [0x00000000e7580000,0x00000000e7580000,0x00000000e8080000)
 ParOldGen       total 35328K, used 12299K [0x00000000a0000000, 0x00000000a2280000, 0x00000000e0000000)
  object space 35328K, 34% used [0x00000000a0000000,0x00000000a0c02fe0,0x00000000a2280000)
 Metaspace       used 34725K, capacity 35278K, committed 35416K, reserved 1079296K
  class space    used 4786K, capacity 4975K, committed 4992K, reserved 1048576K
Event: 7.109 GC heap after
Heap after GC invocations=12 (full 2):
 PSYoungGen      total 132096K, used 0K [0x00000000e0000000, 0x00000000ec580000, 0x0000000100000000)
  eden space 120320K, 0% used [0x00000000e0000000,0x00000000e0000000,0x00000000e7580000)
  from space 11776K, 0% used [0x00000000e8080000,0x00000000e8080000,0x00000000e8c00000)
  to   space 11264K, 0% used [0x00000000e7580000,0x00000000e7580000,0x00000000e8080000)
 ParOldGen       total 45568K, used 13441K [0x00000000a0000000, 0x00000000a2c80000, 0x00000000e0000000)
  object space 45568K, 29% used [0x00000000a0000000,0x00000000a0d20470,0x00000000a2c80000)
 Metaspace       used 34725K, capacity 35278K, committed 35416K, reserved 1079296K
  class space    used 4786K, capacity 4975K, committed 4992K, reserved 1048576K
}
Event: 9.100 GC heap before
{Heap before GC invocations=13 (full 2):
 PSYoungGen      total 132096K, used 120320K [0x00000000e0000000, 0x00000000ec580000, 0x0000000100000000)
  eden space 120320K, 100% used [0x00000000e0000000,0x00000000e7580000,0x00000000e7580000)
  from space 11776K, 0% used [0x00000000e8080000,0x00000000e8080000,0x00000000e8c00000)
  to   space 11264K, 0% used [0x00000000e7580000,0x00000000e7580000,0x00000000e8080000)
 ParOldGen       total 45568K, used 13441K [0x00000000a0000000, 0x00000000a2c80000, 0x00000000e0000000)
  object space 45568K, 29% used [0x00000000a0000000,0x00000000a0d20470,0x00000000a2c80000)
 Metaspace       used 42234K, capacity 43118K, committed 43224K, reserved 1087488K
  class space    used 5845K, capacity 6110K, committed 6144K, reserved 1048576K
Event: 9.121 GC heap after
Heap after GC invocations=13 (full 2):
 PSYoungGen      total 131584K, used 11263K [0x00000000e0000000, 0x00000000ec880000, 0x0000000100000000)
  eden space 120320K, 0% used [0x00000000e0000000,0x00000000e0000000,0x00000000e7580000)
  from space 11264K, 99% used [0x00000000e7580000,0x00000000e807fd68,0x00000000e8080000)
  to   space 13824K, 0% used [0x00000000ebb00000,0x00000000ebb00000,0x00000000ec880000)
 ParOldGen       total 45568K, used 15405K [0x00000000a0000000, 0x00000000a2c80000, 0x00000000e0000000)
  object space 45568K, 33% used [0x00000000a0000000,0x00000000a0f0b5c0,0x00000000a2c80000)
 Metaspace       used 42234K, capacity 43118K, committed 43224K, reserved 1087488K
  class space    used 5845K, capacity 6110K, committed 6144K, reserved 1048576K
}
Event: 12.442 GC heap before
{Heap before GC invocations=14 (full 2):
 PSYoungGen      total 131584K, used 131583K [0x00000000e0000000, 0x00000000ec880000, 0x0000000100000000)
  eden space 120320K, 100% used [0x00000000e0000000,0x00000000e7580000,0x00000000e7580000)
  from space 11264K, 99% used [0x00000000e7580000,0x00000000e807fd68,0x00000000e8080000)
  to   space 13824K, 0% used [0x00000000ebb00000,0x00000000ebb00000,0x00000000ec880000)
 ParOldGen       total 45568K, used 15405K [0x00000000a0000000, 0x00000000a2c80000, 0x00000000e0000000)
  object space 45568K, 33% used [0x00000000a0000000,0x00000000a0f0b5c0,0x00000000a2c80000)
 Metaspace       used 53026K, capacity 54560K, committed 54872K, reserved 1095680K
  class space    used 7315K, capacity 7697K, committed 7808K, reserved 1048576K
Event: 12.481 GC heap after
Heap after GC invocations=14 (full 2):
 PSYoungGen      total 188416K, used 12567K [0x00000000e0000000, 0x00000000ec880000, 0x0000000100000000)
  eden space 174592K, 0% used [0x00000000e0000000,0x00000000e0000000,0x00000000eaa80000)
  from space 13824K, 90% used [0x00000000ebb00000,0x00000000ec745d78,0x00000000ec880000)
  to   space 15360K, 0% used [0x00000000eaa80000,0x00000000eaa80000,0x00000000eb980000)
 ParOldGen       total 45568K, used 23415K [0x00000000a0000000, 0x00000000a2c80000, 0x00000000e0000000)
  object space 45568K, 51% used [0x00000000a0000000,0x00000000a16ddf48,0x00000000a2c80000)
 Metaspace       used 53026K, capacity 54560K, committed 54872K, reserved 1095680K
  class space    used 7315K, capacity 7697K, committed 7808K, reserved 1048576K
}
Event: 15.847 GC heap before
{Heap before GC invocations=15 (full 2):
 PSYoungGen      total 188416K, used 186991K [0x00000000e0000000, 0x00000000ec880000, 0x0000000100000000)
  eden space 174592K, 99% used [0x00000000e0000000,0x00000000eaa55f48,0x00000000eaa80000)
  from space 13824K, 90% used [0x00000000ebb00000,0x00000000ec745d78,0x00000000ec880000)
  to   space 15360K, 0% used [0x00000000eaa80000,0x00000000eaa80000,0x00000000eb980000)
 ParOldGen       total 45568K, used 23415K [0x00000000a0000000, 0x00000000a2c80000, 0x00000000e0000000)
  object space 45568K, 51% used [0x00000000a0000000,0x00000000a16ddf48,0x00000000a2c80000)
 Metaspace       used 56918K, capacity 58762K, committed 58968K, reserved 1099776K
  class space    used 7774K, capacity 8216K, committed 8320K, reserved 1048576K

