# JRE version: OpenJDK Runtime Environment (8.0_152-b01) (build 1.8.0_152-release-1024-b01)
# Java VM: OpenJDK 64-Bit Server VM (25.152-b01 mixed mode linux-amd64 compressed oops)
Heap:
 PSYoungGen      total 375808K, used 26645K [0x00000000e0000000, 0x00000000f9c80000, 0x0000000100000000)
  eden space 342528K, 0% used [0x00000000e0000000,0x00000000e0000000,0x00000000f4e80000)
  from space 33280K, 80% used [0x00000000f4e80000,0x00000000f6885468,0x00000000f6f00000)
  to   space 24064K, 0% used [0x00000000f6f00000,0x00000000f6f00000,0x00000000f8680000)
 ParOldGen       total 147968K, used 97431K [0x00000000a0000000, 0x00000000a9080000, 0x00000000e0000000)
  object space 147968K, 65% used [0x00000000a0000000,0x00000000a5f25cb8,0x00000000a9080000)
 Metaspace       used 100765K, capacity 105550K, committed 105728K, reserved 1140736K
  class space    used 13000K, capacity 14007K, committed 14080K, reserved 1048576K
GC Heap History (10 events):
Event: 100.073 GC heap after
Heap after GC invocations=18 (full 3):
 PSYoungGen      total 277504K, used 17903K [0x00000000e0000000, 0x00000000f5c80000, 0x0000000100000000)
  eden space 259584K, 0% used [0x00000000e0000000,0x00000000e0000000,0x00000000efd80000)
  from space 17920K, 99% used [0x00000000efd80000,0x00000000f0efbe88,0x00000000f0f00000)
  to   space 26112K, 0% used [0x00000000f4300000,0x00000000f4300000,0x00000000f5c80000)
 ParOldGen       total 92160K, used 59838K [0x00000000a0000000, 0x00000000a5a00000, 0x00000000e0000000)
  object space 92160K, 64% used [0x00000000a0000000,0x00000000a3a6f918,0x00000000a5a00000)
 Metaspace       used 77858K, capacity 81084K, committed 81280K, reserved 1120256K
  class space    used 10360K, capacity 11096K, committed 11136K, reserved 1048576K
}
Event: 175.146 GC heap before
{Heap before GC invocations=19 (full 3):
 PSYoungGen      total 277504K, used 277487K [0x00000000e0000000, 0x00000000f5c80000, 0x0000000100000000)
  eden space 259584K, 100% used [0x00000000e0000000,0x00000000efd80000,0x00000000efd80000)
  from space 17920K, 99% used [0x00000000efd80000,0x00000000f0efbe88,0x00000000f0f00000)
  to   space 26112K, 0% used [0x00000000f4300000,0x00000000f4300000,0x00000000f5c80000)
 ParOldGen       total 92160K, used 59838K [0x00000000a0000000, 0x00000000a5a00000, 0x00000000e0000000)
  object space 92160K, 64% used [0x00000000a0000000,0x00000000a3a6f918,0x00000000a5a00000)
 Metaspace       used 85646K, capacity 89356K, committed 89600K, reserved 1126400K
  class space    used 11096K, capacity 11914K, committed 12032K, reserved 1048576K
Event: 175.260 GC heap after
Heap after GC invocations=19 (full 3):
 PSYoungGen      total 332288K, used 11189K [0x00000000e0000000, 0x00000000f6580000, 0x0000000100000000)
  eden space 306176K, 0% used [0x00000000e0000000,0x00000000e0000000,0x00000000f2b00000)
  from space 26112K, 42% used [0x00000000f4300000,0x00000000f4ded790,0x00000000f5c80000)
  to   space 24576K, 0% used [0x00000000f2b00000,0x00000000f2b00000,0x00000000f4300000)
 ParOldGen       total 92160K, used 77393K [0x00000000a0000000, 0x00000000a5a00000, 0x00000000e0000000)
  object space 92160K, 83% used [0x00000000a0000000,0x00000000a4b94580,0x00000000a5a00000)
 Metaspace       used 85646K, capacity 89356K, committed 89600K, reserved 1126400K
  class space    used 11096K, capacity 11914K, committed 12032K, reserved 1048576K
}
Event: 175.260 GC heap before
{Heap before GC invocations=20 (full 4):
 PSYoungGen      total 332288K, used 11189K [0x00000000e0000000, 0x00000000f6580000, 0x0000000100000000)
  eden space 306176K, 0% used [0x00000000e0000000,0x00000000e0000000,0x00000000f2b00000)
  from space 26112K, 42% used [0x00000000f4300000,0x00000000f4ded790,0x00000000f5c80000)
  to   space 24576K, 0% used [0x00000000f2b00000,0x00000000f2b00000,0x00000000f4300000)
 ParOldGen       total 92160K, used 77393K [0x00000000a0000000, 0x00000000a5a00000, 0x00000000e0000000)
  object space 92160K, 83% used [0x00000000a0000000,0x00000000a4b94580,0x00000000a5a00000)
 Metaspace       used 85646K, capacity 89356K, committed 89600K, reserved 1126400K
  class space    used 11096K, capacity 11914K, committed 12032K, reserved 1048576K
Event: 176.097 GC heap after
Heap after GC invocations=20 (full 4):
 PSYoungGen      total 332288K, used 0K [0x00000000e0000000, 0x00000000f6580000, 0x0000000100000000)
  eden space 306176K, 0% used [0x00000000e0000000,0x00000000e0000000,0x00000000f2b00000)
  from space 26112K, 0% used [0x00000000f4300000,0x00000000f4300000,0x00000000f5c80000)
  to   space 24576K, 0% used [0x00000000f2b00000,0x00000000f2b00000,0x00000000f4300000)
 ParOldGen       total 147968K, used 78536K [0x00000000a0000000, 0x00000000a9080000, 0x00000000e0000000)
  object space 147968K, 53% used [0x00000000a0000000,0x00000000a4cb21e8,0x00000000a9080000)
 Metaspace       used 85621K, capacity 89262K, committed 89600K, reserved 1126400K
  class space    used 11089K, capacity 11905K, committed 12032K, reserved 1048576K
}
Event: 180.434 GC heap before
{Heap before GC invocations=21 (full 4):
 PSYoungGen      total 332288K, used 306176K [0x00000000e0000000, 0x00000000f6580000, 0x0000000100000000)
  eden space 306176K, 100% used [0x00000000e0000000,0x00000000f2b00000,0x00000000f2b00000)
  from space 26112K, 0% used [0x00000000f4300000,0x00000000f4300000,0x00000000f5c80000)
  to   space 24576K, 0% used [0x00000000f2b00000,0x00000000f2b00000,0x00000000f4300000)
 ParOldGen       total 147968K, used 78536K [0x00000000a0000000, 0x00000000a9080000, 0x00000000e0000000)
  object space 147968K, 53% used [0x00000000a0000000,0x00000000a4cb21e8,0x00000000a9080000)
 Metaspace       used 91193K, capacity 95004K, committed 95360K, reserved 1132544K
  class space    used 11722K, capacity 12568K, committed 12672K, reserved 1048576K
Event: 180.456 GC heap after
Heap after GC invocations=21 (full 4):
 PSYoungGen      total 330752K, used 6409K [0x00000000e0000000, 0x00000000f8680000, 0x0000000100000000)
  eden space 306176K, 0% used [0x00000000e0000000,0x00000000e0000000,0x00000000f2b00000)
  from space 24576K, 26% used [0x00000000f2b00000,0x00000000f31425f0,0x00000000f4300000)
  to   space 24064K, 0% used [0x00000000f6f00000,0x00000000f6f00000,0x00000000f8680000)
 ParOldGen       total 147968K, used 78552K [0x00000000a0000000, 0x00000000a9080000, 0x00000000e0000000)
  object space 147968K, 53% used [0x00000000a0000000,0x00000000a4cb61e8,0x00000000a9080000)
 Metaspace       used 91193K, capacity 95004K, committed 95360K, reserved 1132544K
  class space    used 11722K, capacity 12568K, committed 12672K, reserved 1048576K
}
Event: 187.044 GC heap before
{Heap before GC invocations=22 (full 4):
 PSYoungGen      total 330752K, used 312585K [0x00000000e0000000, 0x00000000f8680000, 0x0000000100000000)
  eden space 306176K, 100% used [0x00000000e0000000,0x00000000f2b00000,0x00000000f2b00000)
  from space 24576K, 26% used [0x00000000f2b00000,0x00000000f31425f0,0x00000000f4300000)
  to   space 24064K, 0% used [0x00000000f6f00000,0x00000000f6f00000,0x00000000f8680000)
 ParOldGen       total 147968K, used 78552K [0x00000000a0000000, 0x00000000a9080000, 0x00000000e0000000)
  object space 147968K, 53% used [0x00000000a0000000,0x00000000a4cb61e8,0x00000000a9080000)
 Metaspace       used 99148K, capacity 103640K, committed 103936K, reserved 1138688K
  class space    used 12762K, capacity 13728K, committed 13824K, reserved 1048576K
Event: 187.219 GC heap after
Heap after GC invocations=22 (full 4):
 PSYoungGen      total 366592K, used 24038K [0x00000000e0000000, 0x00000000f9c80000, 0x0000000100000000)
  eden space 342528K, 0% used [0x00000000e0000000,0x00000000e0000000,0x00000000f4e80000)
  from space 24064K, 99% used [0x00000000f6f00000,0x00000000f8679958,0x00000000f8680000)
  to   space 33280K, 0% used [0x00000000f4e80000,0x00000000f4e80000,0x00000000f6f00000)
 ParOldGen       total 147968K, used 92590K [0x00000000a0000000, 0x00000000a9080000, 0x00000000e0000000)
  object space 147968K, 62% used [0x00000000a0000000,0x00000000a5a6ba08,0x00000000a9080000)
 Metaspace       used 99148K, capacity 103640K, committed 103936K, reserved 1138688K
  class space    used 12762K, capacity 13728K, committed 13824K, reserved 1048576K
}
Event: 189.265 GC heap before
{Heap before GC invocations=23 (full 4):
 PSYoungGen      total 366592K, used 366037K [0x00000000e0000000, 0x00000000f9c80000, 0x0000000100000000)
  eden space 342528K, 99% used [0x00000000e0000000,0x00000000f4dfbb68,0x00000000f4e80000)
  from space 24064K, 99% used [0x00000000f6f00000,0x00000000f8679958,0x00000000f8680000)
  to   space 33280K, 0% used [0x00000000f4e80000,0x00000000f4e80000,0x00000000f6f00000)
 ParOldGen       total 147968K, used 92590K [0x00000000a0000000, 0x00000000a9080000, 0x00000000e0000000)
  object space 147968K, 62% used [0x00000000a0000000,0x00000000a5a6ba08,0x00000000a9080000)
 Metaspace       used 100765K, capacity 105550K, committed 105728K, reserved 1140736K
  class space    used 13000K, capacity 14007K, committed 14080K, reserved 1048576K

